{"/Users/antmendoza/dev/temporal/my-temporal-pocs/typescript/_6813/src/activities.ts": {"path":"/Users/antmendoza/dev/temporal/my-temporal-pocs/typescript/_6813/src/activities.ts","statementMap":{"0":{"start":{"line":1,"column":0},"end":{"line":1,"column":26}},"1":{"start":{"line":11,"column":32},"end":{"line":23,"column":2}},"2":{"start":{"line":11,"column":57},"end":{"line":23,"column":2}},"3":{"start":{"line":13,"column":17},"end":{"line":13,"column":43}},"4":{"start":{"line":14,"column":4},"end":{"line":14,"column":29}},"5":{"start":{"line":19,"column":16},"end":{"line":19,"column":67}},"6":{"start":{"line":21,"column":4},"end":{"line":21,"column":20}},"7":{"start":{"line":11,"column":13},"end":{"line":11,"column":32}}},"fnMap":{"0":{"name":"(anonymous_1)","decl":{"start":{"line":11,"column":32},"end":{"line":11,"column":33}},"loc":{"start":{"line":11,"column":57},"end":{"line":23,"column":2}}},"1":{"name":"(anonymous_2)","decl":{"start":{"line":12,"column":2},"end":{"line":12,"column":7}},"loc":{"start":{"line":12,"column":30},"end":{"line":15,"column":3}}},"2":{"name":"(anonymous_3)","decl":{"start":{"line":17,"column":2},"end":{"line":17,"column":7}},"loc":{"start":{"line":17,"column":23},"end":{"line":22,"column":5}}}},"branchMap":{},"s":{"0":1,"1":1,"2":1,"3":1,"4":1,"5":1,"6":1,"7":1},"f":{"0":1,"1":1,"2":1},"b":{}}
,"/Users/antmendoza/dev/temporal/my-temporal-pocs/typescript/_6813/src/workflows.ts": {"path":"/Users/antmendoza/dev/temporal/my-temporal-pocs/typescript/_6813/src/workflows.ts","statementMap":{"0":{"start":{"line":1,"column":0},"end":{"line":1,"column":106}},"1":{"start":{"line":5,"column":40},"end":{"line":7,"column":2}},"2":{"start":{"line":12,"column":2},"end":{"line":12,"column":23}},"3":{"start":{"line":14,"column":2},"end":{"line":14,"column":42}},"4":{"start":{"line":10,"column":0},"end":{"line":10,"column":7}}},"fnMap":{"0":{"name":"waitForConnectionCompletion","decl":{"start":{"line":10,"column":22},"end":{"line":10,"column":49}},"loc":{"start":{"line":10,"column":60},"end":{"line":16,"column":1}}}},"branchMap":{},"s":{"0":1,"1":1,"2":0,"3":0,"4":1},"f":{"0":0},"b":{}}
}
