{"/Users/antmendoza/dev/temporal/my-temporal-pocs/typescript/_6813/activities-examples/src/workflows.ts": {"path":"/Users/antmendoza/dev/temporal/my-temporal-pocs/typescript/_6813/activities-examples/src/workflows.ts","statementMap":{"0":{"start":{"line":1,"column":0},"end":{"line":1,"column":55}},"1":{"start":{"line":8,"column":4},"end":{"line":14,"column":2}},"2":{"start":{"line":17,"column":17},"end":{"line":17,"column":40}},"3":{"start":{"line":18,"column":2},"end":{"line":18,"column":35}},"4":{"start":{"line":16,"column":0},"end":{"line":16,"column":7}},"5":{"start":{"line":22,"column":17},"end":{"line":22,"column":47}},"6":{"start":{"line":23,"column":2},"end":{"line":23,"column":36}},"7":{"start":{"line":21,"column":0},"end":{"line":21,"column":7}}},"fnMap":{"0":{"name":"httpWorkflow","decl":{"start":{"line":16,"column":22},"end":{"line":16,"column":34}},"loc":{"start":{"line":16,"column":34},"end":{"line":19,"column":1}}},"1":{"name":"asyncActivityWorkflow","decl":{"start":{"line":21,"column":22},"end":{"line":21,"column":43}},"loc":{"start":{"line":21,"column":43},"end":{"line":24,"column":1}}}},"branchMap":{},"s":{"0":1,"1":1,"2":0,"3":0,"4":1,"5":0,"6":0,"7":1},"f":{"0":0,"1":0},"b":{}}
}
